Starting to scrape
Calling URL
Got calendar
Found 174 films. Sending to calendar.
URL being requested: GET https://www.googleapis.com/calendar/v3/calendars/q8cvu1a9sn3f1l33f6s3915618%40group.calendar.google.com/events/id2222140ts1485990600?alt=json
URL being requested: GET https://www.googleapis.com/calendar/v3/calendars/q8cvu1a9sn3f1l33f6s3915618%40group.calendar.google.com/events/id2222140ts1486004400?alt=json
URL being requested: GET https://www.googleapis.com/calendar/v3/calendars/q8cvu1a9sn3f1l33f6s3915618%40group.calendar.google.com/events/id2220470ts1486090800?alt=json
URL being requested: GET https://www.googleapis.com/calendar/v3/calendars/q8cvu1a9sn3f1l33f6s3915618%40group.calendar.google.com/events/id2219650ts1486166400?alt=json
URL being requested: GET https://www.googleapis.com/calendar/v3/calendars/q8cvu1a9sn3f1l33f6s3915618%40group.calendar.google.com/events/id2219650ts1486177200?alt=json
URL being requested: GET https://www.googleapis.com/calendar/v3/calendars/q8cvu1a9sn3f1l33f6s3915618%40group.calendar.google.com/events/id2221350ts1486252800?alt=json
URL being requested: GET https://www.googleapis.com/calendar/v3/calendars/q8cvu1a9sn3f1l33f6s3915618%40group.calendar.google.com/events/id2221350ts1486261800?alt=json
URL being requested: GET https://www.googleapis.com/calendar/v3/calendars/q8cvu1a9sn3f1l33f6s3915618%40group.calendar.google.com/events/id2221350ts1486268100?alt=json
URL being requested: GET https://www.googleapis.com/calendar/v3/calendars/q8cvu1a9sn3f1l33f6s3915618%40group.calendar.google.com/events/id2221440ts1486332000?alt=json
URL being requested: GET https://www.googleapis.com/calendar/v3/calendars/q8cvu1a9sn3f1l33f6s3915618%40group.calendar.google.com/events/id2221440ts1486341000?alt=json
URL being requested: GET https://www.googleapis.com/calendar/v3/calendars/q8cvu1a9sn3f1l33f6s3915618%40group.calendar.google.com/events/id2221440ts1486350000?alt=json
URL being requested: GET https://www.googleapis.com/calendar/v3/calendars/q8cvu1a9sn3f1l33f6s3915618%40group.calendar.google.com/events/id2222260ts1486524600?alt=json
URL being requested: GET https://www.googleapis.com/calendar/v3/calendars/q8cvu1a9sn3f1l33f6s3915618%40group.calendar.google.com/events/id2222150ts1486595400?alt=json
URL being requested: GET https://www.googleapis.com/calendar/v3/calendars/q8cvu1a9sn3f1l33f6s3915618%40group.calendar.google.com/events/id2222150ts1486609200?alt=json
URL being requested: GET https://www.googleapis.com/calendar/v3/calendars/q8cvu1a9sn3f1l33f6s3915618%40group.calendar.google.com/events/id2220500ts1486695600?alt=json
URL being requested: GET https://www.googleapis.com/calendar/v3/calendars/q8cvu1a9sn3f1l33f6s3915618%40group.calendar.google.com/events/id2222070ts1486771200?alt=json
URL being requested: GET https://www.googleapis.com/calendar/v3/calendars/q8cvu1a9sn3f1l33f6s3915618%40group.calendar.google.com/events/id2222070ts1486782000?alt=json
URL being requested: GET https://www.googleapis.com/calendar/v3/calendars/q8cvu1a9sn3f1l33f6s3915618%40group.calendar.google.com/events/id2221330ts1486857600?alt=json
URL being requested: GET https://www.googleapis.com/calendar/v3/calendars/q8cvu1a9sn3f1l33f6s3915618%40group.calendar.google.com/events/id2221330ts1486865700?alt=json
URL being requested: GET https://www.googleapis.com/calendar/v3/calendars/q8cvu1a9sn3f1l33f6s3915618%40group.calendar.google.com/events/id2221330ts1486873800?alt=json
URL being requested: GET https://www.googleapis.com/calendar/v3/calendars/q8cvu1a9sn3f1l33f6s3915618%40group.calendar.google.com/events/id2221460ts1486936800?alt=json
URL being requested: GET https://www.googleapis.com/calendar/v3/calendars/q8cvu1a9sn3f1l33f6s3915618%40group.calendar.google.com/events/id2221460ts1486945800?alt=json
URL being requested: GET https://www.googleapis.com/calendar/v3/calendars/q8cvu1a9sn3f1l33f6s3915618%40group.calendar.google.com/events/id2221460ts1486954800?alt=json
URL being requested: GET https://www.googleapis.com/calendar/v3/calendars/q8cvu1a9sn3f1l33f6s3915618%40group.calendar.google.com/events/id2222160ts1487200200?alt=json
URL being requested: GET https://www.googleapis.com/calendar/v3/calendars/q8cvu1a9sn3f1l33f6s3915618%40group.calendar.google.com/events/id2222160ts1487214000?alt=json
URL being requested: GET https://www.googleapis.com/calendar/v3/calendars/q8cvu1a9sn3f1l33f6s3915618%40group.calendar.google.com/events/id2221450ts1487300400?alt=json
URL being requested: GET https://www.googleapis.com/calendar/v3/calendars/q8cvu1a9sn3f1l33f6s3915618%40group.calendar.google.com/events/id2219670ts1487376000?alt=json
URL being requested: GET https://www.googleapis.com/calendar/v3/calendars/q8cvu1a9sn3f1l33f6s3915618%40group.calendar.google.com/events/id2219670ts1487388600?alt=json
URL being requested: GET https://www.googleapis.com/calendar/v3/calendars/q8cvu1a9sn3f1l33f6s3915618%40group.calendar.google.com/events/id2221750ts1487460600?alt=json
URL being requested: GET https://www.googleapis.com/calendar/v3/calendars/q8cvu1a9sn3f1l33f6s3915618%40group.calendar.google.com/events/id2221750ts1487469600?alt=json
URL being requested: GET https://www.googleapis.com/calendar/v3/calendars/q8cvu1a9sn3f1l33f6s3915618%40group.calendar.google.com/events/id2221750ts1487476800?alt=json
URL being requested: GET https://www.googleapis.com/calendar/v3/calendars/q8cvu1a9sn3f1l33f6s3915618%40group.calendar.google.com/events/id2221480ts1487541600?alt=json
URL being requested: GET https://www.googleapis.com/calendar/v3/calendars/q8cvu1a9sn3f1l33f6s3915618%40group.calendar.google.com/events/id2221480ts1487549700?alt=json
URL being requested: GET https://www.googleapis.com/calendar/v3/calendars/q8cvu1a9sn3f1l33f6s3915618%40group.calendar.google.com/events/id2221480ts1487559600?alt=json
URL being requested: GET https://www.googleapis.com/calendar/v3/calendars/q8cvu1a9sn3f1l33f6s3915618%40group.calendar.google.com/events/id2222170ts1487805000?alt=json
URL being requested: GET https://www.googleapis.com/calendar/v3/calendars/q8cvu1a9sn3f1l33f6s3915618%40group.calendar.google.com/events/id2222170ts1487818800?alt=json
URL being requested: GET https://www.googleapis.com/calendar/v3/calendars/q8cvu1a9sn3f1l33f6s3915618%40group.calendar.google.com/events/id2222910ts1487891400?alt=json
URL being requested: GET https://www.googleapis.com/calendar/v3/calendars/q8cvu1a9sn3f1l33f6s3915618%40group.calendar.google.com/events/id2222910ts1487907000?alt=json
URL being requested: GET https://www.googleapis.com/calendar/v3/calendars/q8cvu1a9sn3f1l33f6s3915618%40group.calendar.google.com/events/id2221640ts1487977800?alt=json
URL being requested: GET https://www.googleapis.com/calendar/v3/calendars/q8cvu1a9sn3f1l33f6s3915618%40group.calendar.google.com/events/id2221640ts1487993400?alt=json
URL being requested: GET https://www.googleapis.com/calendar/v3/calendars/q8cvu1a9sn3f1l33f6s3915618%40group.calendar.google.com/events/id2222110ts1488070800?alt=json
URL being requested: GET https://www.googleapis.com/calendar/v3/calendars/q8cvu1a9sn3f1l33f6s3915618%40group.calendar.google.com/events/id2222110ts1488079800?alt=json
URL being requested: GET https://www.googleapis.com/calendar/v3/calendars/q8cvu1a9sn3f1l33f6s3915618%40group.calendar.google.com/events/id2221470ts1488144600?alt=json
URL being requested: GET https://www.googleapis.com/calendar/v3/calendars/q8cvu1a9sn3f1l33f6s3915618%40group.calendar.google.com/events/id2222180ts1488409800?alt=json
URL being requested: GET https://www.googleapis.com/calendar/v3/calendars/q8cvu1a9sn3f1l33f6s3915618%40group.calendar.google.com/events/id2222180ts1488423600?alt=json
URL being requested: GET https://www.googleapis.com/calendar/v3/calendars/q8cvu1a9sn3f1l33f6s3915618%40group.calendar.google.com/events/id2233170ts1488510000?alt=json
URL being requested: GET https://www.googleapis.com/calendar/v3/calendars/q8cvu1a9sn3f1l33f6s3915618%40group.calendar.google.com/events/id2233250ts1488598200?alt=json
URL being requested: GET https://www.googleapis.com/calendar/v3/calendars/q8cvu1a9sn3f1l33f6s3915618%40group.calendar.google.com/events/id2234740ts1488661200?alt=json
URL being requested: GET https://www.googleapis.com/calendar/v3/calendars/q8cvu1a9sn3f1l33f6s3915618%40group.calendar.google.com/events/id2234740ts1488677400?alt=json
URL being requested: GET https://www.googleapis.com/calendar/v3/calendars/q8cvu1a9sn3f1l33f6s3915618%40group.calendar.google.com/events/id2234740ts1488687300?alt=json
URL being requested: GET https://www.googleapis.com/calendar/v3/calendars/q8cvu1a9sn3f1l33f6s3915618%40group.calendar.google.com/events/id2225050ts1488751200?alt=json
URL being requested: GET https://www.googleapis.com/calendar/v3/calendars/q8cvu1a9sn3f1l33f6s3915618%40group.calendar.google.com/events/id2225050ts1488761100?alt=json
URL being requested: GET https://www.googleapis.com/calendar/v3/calendars/q8cvu1a9sn3f1l33f6s3915618%40group.calendar.google.com/events/id2225050ts1488769200?alt=json
URL being requested: GET https://www.googleapis.com/calendar/v3/calendars/q8cvu1a9sn3f1l33f6s3915618%40group.calendar.google.com/events/id2222180ts1488409800?alt=json
URL being requested: GET https://www.googleapis.com/calendar/v3/calendars/q8cvu1a9sn3f1l33f6s3915618%40group.calendar.google.com/events/id2222180ts1488423600?alt=json
URL being requested: GET https://www.googleapis.com/calendar/v3/calendars/q8cvu1a9sn3f1l33f6s3915618%40group.calendar.google.com/events/id2233170ts1488510000?alt=json
URL being requested: GET https://www.googleapis.com/calendar/v3/calendars/q8cvu1a9sn3f1l33f6s3915618%40group.calendar.google.com/events/id2233250ts1488598200?alt=json
URL being requested: GET https://www.googleapis.com/calendar/v3/calendars/q8cvu1a9sn3f1l33f6s3915618%40group.calendar.google.com/events/id2234740ts1488661200?alt=json
URL being requested: GET https://www.googleapis.com/calendar/v3/calendars/q8cvu1a9sn3f1l33f6s3915618%40group.calendar.google.com/events/id2234740ts1488677400?alt=json
URL being requested: GET https://www.googleapis.com/calendar/v3/calendars/q8cvu1a9sn3f1l33f6s3915618%40group.calendar.google.com/events/id2234740ts1488687300?alt=json
URL being requested: GET https://www.googleapis.com/calendar/v3/calendars/q8cvu1a9sn3f1l33f6s3915618%40group.calendar.google.com/events/id2225050ts1488751200?alt=json
URL being requested: GET https://www.googleapis.com/calendar/v3/calendars/q8cvu1a9sn3f1l33f6s3915618%40group.calendar.google.com/events/id2225050ts1488761100?alt=json
URL being requested: GET https://www.googleapis.com/calendar/v3/calendars/q8cvu1a9sn3f1l33f6s3915618%40group.calendar.google.com/events/id2225050ts1488769200?alt=json
URL being requested: GET https://www.googleapis.com/calendar/v3/calendars/q8cvu1a9sn3f1l33f6s3915618%40group.calendar.google.com/events/id2233690ts1489014600?alt=json
URL being requested: GET https://www.googleapis.com/calendar/v3/calendars/q8cvu1a9sn3f1l33f6s3915618%40group.calendar.google.com/events/id2233690ts1489028400?alt=json
URL being requested: GET https://www.googleapis.com/calendar/v3/calendars/q8cvu1a9sn3f1l33f6s3915618%40group.calendar.google.com/events/id2234300ts1489114800?alt=json
URL being requested: GET https://www.googleapis.com/calendar/v3/calendars/q8cvu1a9sn3f1l33f6s3915618%40group.calendar.google.com/events/id2234110ts1489190400?alt=json
URL being requested: GET https://www.googleapis.com/calendar/v3/calendars/q8cvu1a9sn3f1l33f6s3915618%40group.calendar.google.com/events/id2234110ts1489203000?alt=json
URL being requested: GET https://www.googleapis.com/calendar/v3/calendars/q8cvu1a9sn3f1l33f6s3915618%40group.calendar.google.com/events/id2234740ts1489266000?alt=json
URL being requested: GET https://www.googleapis.com/calendar/v3/calendars/q8cvu1a9sn3f1l33f6s3915618%40group.calendar.google.com/events/id2234740ts1489276800?alt=json
URL being requested: GET https://www.googleapis.com/calendar/v3/calendars/q8cvu1a9sn3f1l33f6s3915618%40group.calendar.google.com/events/id2234740ts1489285800?alt=json
URL being requested: GET https://www.googleapis.com/calendar/v3/calendars/q8cvu1a9sn3f1l33f6s3915618%40group.calendar.google.com/events/id2234740ts1489292100?alt=json
URL being requested: GET https://www.googleapis.com/calendar/v3/calendars/q8cvu1a9sn3f1l33f6s3915618%40group.calendar.google.com/events/id2231290ts1489352400?alt=json
URL being requested: GET https://www.googleapis.com/calendar/v3/calendars/q8cvu1a9sn3f1l33f6s3915618%40group.calendar.google.com/events/id2231290ts1489363200?alt=json
URL being requested: GET https://www.googleapis.com/calendar/v3/calendars/q8cvu1a9sn3f1l33f6s3915618%40group.calendar.google.com/events/id2231290ts1489370400?alt=json
URL being requested: GET https://www.googleapis.com/calendar/v3/calendars/q8cvu1a9sn3f1l33f6s3915618%40group.calendar.google.com/events/id2234650ts1489543200?alt=json
URL being requested: GET https://www.googleapis.com/calendar/v3/calendars/q8cvu1a9sn3f1l33f6s3915618%40group.calendar.google.com/events/id2233700ts1489615800?alt=json
URL being requested: GET https://www.googleapis.com/calendar/v3/calendars/q8cvu1a9sn3f1l33f6s3915618%40group.calendar.google.com/events/id2233700ts1489629600?alt=json
URL being requested: GET https://www.googleapis.com/calendar/v3/calendars/q8cvu1a9sn3f1l33f6s3915618%40group.calendar.google.com/events/id2234100ts1489716000?alt=json
URL being requested: GET https://www.googleapis.com/calendar/v3/calendars/q8cvu1a9sn3f1l33f6s3915618%40group.calendar.google.com/events/id2234120ts1489800600?alt=json
URL being requested: GET https://www.googleapis.com/calendar/v3/calendars/q8cvu1a9sn3f1l33f6s3915618%40group.calendar.google.com/events/id2234120ts1489807800?alt=json
URL being requested: GET https://www.googleapis.com/calendar/v3/calendars/q8cvu1a9sn3f1l33f6s3915618%40group.calendar.google.com/events/id2234740ts1489867200?alt=json
URL being requested: GET https://www.googleapis.com/calendar/v3/calendars/q8cvu1a9sn3f1l33f6s3915618%40group.calendar.google.com/events/id2234740ts1489876200?alt=json
URL being requested: GET https://www.googleapis.com/calendar/v3/calendars/q8cvu1a9sn3f1l33f6s3915618%40group.calendar.google.com/events/id2234740ts1489885200?alt=json
URL being requested: GET https://www.googleapis.com/calendar/v3/calendars/q8cvu1a9sn3f1l33f6s3915618%40group.calendar.google.com/events/id2234740ts1489893300?alt=json
URL being requested: GET https://www.googleapis.com/calendar/v3/calendars/q8cvu1a9sn3f1l33f6s3915618%40group.calendar.google.com/events/id2231300ts1489955400?alt=json
URL being requested: GET https://www.googleapis.com/calendar/v3/calendars/q8cvu1a9sn3f1l33f6s3915618%40group.calendar.google.com/events/id2231300ts1489966200?alt=json
URL being requested: GET https://www.googleapis.com/calendar/v3/calendars/q8cvu1a9sn3f1l33f6s3915618%40group.calendar.google.com/events/id2231300ts1489975200?alt=json
URL being requested: GET https://www.googleapis.com/calendar/v3/calendars/q8cvu1a9sn3f1l33f6s3915618%40group.calendar.google.com/events/id2233710ts1490220600?alt=json
URL being requested: GET https://www.googleapis.com/calendar/v3/calendars/q8cvu1a9sn3f1l33f6s3915618%40group.calendar.google.com/events/id2233710ts1490234400?alt=json
URL being requested: GET https://www.googleapis.com/calendar/v3/calendars/q8cvu1a9sn3f1l33f6s3915618%40group.calendar.google.com/events/id2224310ts1490320800?alt=json
URL being requested: GET https://www.googleapis.com/calendar/v3/calendars/q8cvu1a9sn3f1l33f6s3915618%40group.calendar.google.com/events/id2234130ts1490396400?alt=json
URL being requested: GET https://www.googleapis.com/calendar/v3/calendars/q8cvu1a9sn3f1l33f6s3915618%40group.calendar.google.com/events/id2234130ts1490409000?alt=json
URL being requested: GET https://www.googleapis.com/calendar/v3/calendars/q8cvu1a9sn3f1l33f6s3915618%40group.calendar.google.com/events/id2234740ts1490472000?alt=json
URL being requested: GET https://www.googleapis.com/calendar/v3/calendars/q8cvu1a9sn3f1l33f6s3915618%40group.calendar.google.com/events/id2234740ts1490482800?alt=json
URL being requested: GET https://www.googleapis.com/calendar/v3/calendars/q8cvu1a9sn3f1l33f6s3915618%40group.calendar.google.com/events/id2234740ts1490491800?alt=json
URL being requested: GET https://www.googleapis.com/calendar/v3/calendars/q8cvu1a9sn3f1l33f6s3915618%40group.calendar.google.com/events/id2234740ts1490498100?alt=json
URL being requested: GET https://www.googleapis.com/calendar/v3/calendars/q8cvu1a9sn3f1l33f6s3915618%40group.calendar.google.com/events/id2231320ts1490562000?alt=json
URL being requested: GET https://www.googleapis.com/calendar/v3/calendars/q8cvu1a9sn3f1l33f6s3915618%40group.calendar.google.com/events/id2231320ts1490571000?alt=json
URL being requested: GET https://www.googleapis.com/calendar/v3/calendars/q8cvu1a9sn3f1l33f6s3915618%40group.calendar.google.com/events/id2231320ts1490578200?alt=json
URL being requested: GET https://www.googleapis.com/calendar/v3/calendars/q8cvu1a9sn3f1l33f6s3915618%40group.calendar.google.com/events/id2233610ts1490839200?alt=json
URL being requested: GET https://www.googleapis.com/calendar/v3/calendars/q8cvu1a9sn3f1l33f6s3915618%40group.calendar.google.com/events/id2234130ts1490925600?alt=json
URL being requested: GET https://www.googleapis.com/calendar/v3/calendars/q8cvu1a9sn3f1l33f6s3915618%40group.calendar.google.com/events/id2234150ts1491001200?alt=json
URL being requested: GET https://www.googleapis.com/calendar/v3/calendars/q8cvu1a9sn3f1l33f6s3915618%40group.calendar.google.com/events/id2234150ts1491013800?alt=json
URL being requested: GET https://www.googleapis.com/calendar/v3/calendars/q8cvu1a9sn3f1l33f6s3915618%40group.calendar.google.com/events/id2234740ts1491076800?alt=json
URL being requested: GET https://www.googleapis.com/calendar/v3/calendars/q8cvu1a9sn3f1l33f6s3915618%40group.calendar.google.com/events/id2234740ts1491087600?alt=json
URL being requested: GET https://www.googleapis.com/calendar/v3/calendars/q8cvu1a9sn3f1l33f6s3915618%40group.calendar.google.com/events/id2234740ts1491094800?alt=json
URL being requested: GET https://www.googleapis.com/calendar/v3/calendars/q8cvu1a9sn3f1l33f6s3915618%40group.calendar.google.com/events/id2234740ts1491102000?alt=json
URL being requested: GET https://www.googleapis.com/calendar/v3/calendars/q8cvu1a9sn3f1l33f6s3915618%40group.calendar.google.com/events/id2231330ts1491166800?alt=json
URL being requested: GET https://www.googleapis.com/calendar/v3/calendars/q8cvu1a9sn3f1l33f6s3915618%40group.calendar.google.com/events/id2231330ts1491174000?alt=json
URL being requested: GET https://www.googleapis.com/calendar/v3/calendars/q8cvu1a9sn3f1l33f6s3915618%40group.calendar.google.com/events/id2231330ts1491181200?alt=json
URL being requested: GET https://www.googleapis.com/calendar/v3/calendars/q8cvu1a9sn3f1l33f6s3915618%40group.calendar.google.com/events/id2233610ts1490839200?alt=json
URL being requested: GET https://www.googleapis.com/calendar/v3/calendars/q8cvu1a9sn3f1l33f6s3915618%40group.calendar.google.com/events/id2234130ts1490925600?alt=json
URL being requested: GET https://www.googleapis.com/calendar/v3/calendars/q8cvu1a9sn3f1l33f6s3915618%40group.calendar.google.com/events/id2234150ts1491001200?alt=json
URL being requested: GET https://www.googleapis.com/calendar/v3/calendars/q8cvu1a9sn3f1l33f6s3915618%40group.calendar.google.com/events/id2234150ts1491013800?alt=json
URL being requested: GET https://www.googleapis.com/calendar/v3/calendars/q8cvu1a9sn3f1l33f6s3915618%40group.calendar.google.com/events/id2234740ts1491076800?alt=json
URL being requested: GET https://www.googleapis.com/calendar/v3/calendars/q8cvu1a9sn3f1l33f6s3915618%40group.calendar.google.com/events/id2234740ts1491087600?alt=json
URL being requested: GET https://www.googleapis.com/calendar/v3/calendars/q8cvu1a9sn3f1l33f6s3915618%40group.calendar.google.com/events/id2234740ts1491094800?alt=json
URL being requested: GET https://www.googleapis.com/calendar/v3/calendars/q8cvu1a9sn3f1l33f6s3915618%40group.calendar.google.com/events/id2234740ts1491102000?alt=json
URL being requested: GET https://www.googleapis.com/calendar/v3/calendars/q8cvu1a9sn3f1l33f6s3915618%40group.calendar.google.com/events/id2231330ts1491166800?alt=json
URL being requested: GET https://www.googleapis.com/calendar/v3/calendars/q8cvu1a9sn3f1l33f6s3915618%40group.calendar.google.com/events/id2231330ts1491174000?alt=json
URL being requested: GET https://www.googleapis.com/calendar/v3/calendars/q8cvu1a9sn3f1l33f6s3915618%40group.calendar.google.com/events/id2231330ts1491181200?alt=json
URL being requested: GET https://www.googleapis.com/calendar/v3/calendars/q8cvu1a9sn3f1l33f6s3915618%40group.calendar.google.com/events/id2234570ts1491444000?alt=json
URL being requested: GET https://www.googleapis.com/calendar/v3/calendars/q8cvu1a9sn3f1l33f6s3915618%40group.calendar.google.com/events/id2234740ts1491681600?alt=json
URL being requested: GET https://www.googleapis.com/calendar/v3/calendars/q8cvu1a9sn3f1l33f6s3915618%40group.calendar.google.com/events/id2234740ts1492286400?alt=json
URL being requested: GET https://www.googleapis.com/calendar/v3/calendars/q8cvu1a9sn3f1l33f6s3915618%40group.calendar.google.com/events/id2233340ts1492653600?alt=json
URL being requested: GET https://www.googleapis.com/calendar/v3/calendars/q8cvu1a9sn3f1l33f6s3915618%40group.calendar.google.com/events/id2231340ts1492740000?alt=json
URL being requested: GET https://www.googleapis.com/calendar/v3/calendars/q8cvu1a9sn3f1l33f6s3915618%40group.calendar.google.com/events/id2234580ts1492815600?alt=json
URL being requested: GET https://www.googleapis.com/calendar/v3/calendars/q8cvu1a9sn3f1l33f6s3915618%40group.calendar.google.com/events/id2234580ts1492828200?alt=json
URL being requested: GET https://www.googleapis.com/calendar/v3/calendars/q8cvu1a9sn3f1l33f6s3915618%40group.calendar.google.com/events/id2234740ts1492891200?alt=json
URL being requested: GET https://www.googleapis.com/calendar/v3/calendars/q8cvu1a9sn3f1l33f6s3915618%40group.calendar.google.com/events/id2234740ts1492894800?alt=json
URL being requested: GET https://www.googleapis.com/calendar/v3/calendars/q8cvu1a9sn3f1l33f6s3915618%40group.calendar.google.com/events/id2234740ts1492900200?alt=json
URL being requested: GET https://www.googleapis.com/calendar/v3/calendars/q8cvu1a9sn3f1l33f6s3915618%40group.calendar.google.com/events/id2234740ts1492909200?alt=json
URL being requested: GET https://www.googleapis.com/calendar/v3/calendars/q8cvu1a9sn3f1l33f6s3915618%40group.calendar.google.com/events/id2234740ts1492916400?alt=json
URL being requested: GET https://www.googleapis.com/calendar/v3/calendars/q8cvu1a9sn3f1l33f6s3915618%40group.calendar.google.com/events/id2231350ts1492981200?alt=json
URL being requested: GET https://www.googleapis.com/calendar/v3/calendars/q8cvu1a9sn3f1l33f6s3915618%40group.calendar.google.com/events/id2231350ts1492989300?alt=json
URL being requested: GET https://www.googleapis.com/calendar/v3/calendars/q8cvu1a9sn3f1l33f6s3915618%40group.calendar.google.com/events/id2231350ts1492999200?alt=json
URL being requested: GET https://www.googleapis.com/calendar/v3/calendars/q8cvu1a9sn3f1l33f6s3915618%40group.calendar.google.com/events/id2234590ts1493258400?alt=json
URL being requested: GET https://www.googleapis.com/calendar/v3/calendars/q8cvu1a9sn3f1l33f6s3915618%40group.calendar.google.com/events/id2234610ts1493344800?alt=json
URL being requested: GET https://www.googleapis.com/calendar/v3/calendars/q8cvu1a9sn3f1l33f6s3915618%40group.calendar.google.com/events/id2234160ts1493420400?alt=json
URL being requested: GET https://www.googleapis.com/calendar/v3/calendars/q8cvu1a9sn3f1l33f6s3915618%40group.calendar.google.com/events/id2234160ts1493433000?alt=json
URL being requested: GET https://www.googleapis.com/calendar/v3/calendars/q8cvu1a9sn3f1l33f6s3915618%40group.calendar.google.com/events/id2234740ts1493496000?alt=json
URL being requested: GET https://www.googleapis.com/calendar/v3/calendars/q8cvu1a9sn3f1l33f6s3915618%40group.calendar.google.com/events/id2234740ts1493512200?alt=json
URL being requested: GET https://www.googleapis.com/calendar/v3/calendars/q8cvu1a9sn3f1l33f6s3915618%40group.calendar.google.com/events/id2234740ts1493519400?alt=json
URL being requested: GET https://www.googleapis.com/calendar/v3/calendars/q8cvu1a9sn3f1l33f6s3915618%40group.calendar.google.com/events/id2234740ts1493522100?alt=json
URL being requested: GET https://www.googleapis.com/calendar/v3/calendars/q8cvu1a9sn3f1l33f6s3915618%40group.calendar.google.com/events/id2231360ts1493586000?alt=json
URL being requested: GET https://www.googleapis.com/calendar/v3/calendars/q8cvu1a9sn3f1l33f6s3915618%40group.calendar.google.com/events/id2231360ts1493595000?alt=json
URL being requested: GET https://www.googleapis.com/calendar/v3/calendars/q8cvu1a9sn3f1l33f6s3915618%40group.calendar.google.com/events/id2231360ts1493604000?alt=json
URL being requested: GET https://www.googleapis.com/calendar/v3/calendars/q8cvu1a9sn3f1l33f6s3915618%40group.calendar.google.com/events/id2233970ts1493863200?alt=json
URL being requested: GET https://www.googleapis.com/calendar/v3/calendars/q8cvu1a9sn3f1l33f6s3915618%40group.calendar.google.com/events/id2231370ts1493949600?alt=json
URL being requested: GET https://www.googleapis.com/calendar/v3/calendars/q8cvu1a9sn3f1l33f6s3915618%40group.calendar.google.com/events/id2233980ts1494036000?alt=json
URL being requested: GET https://www.googleapis.com/calendar/v3/calendars/q8cvu1a9sn3f1l33f6s3915618%40group.calendar.google.com/events/id2234740ts1494100800?alt=json
URL being requested: GET https://www.googleapis.com/calendar/v3/calendars/q8cvu1a9sn3f1l33f6s3915618%40group.calendar.google.com/events/id2234740ts1494108000?alt=json
URL being requested: GET https://www.googleapis.com/calendar/v3/calendars/q8cvu1a9sn3f1l33f6s3915618%40group.calendar.google.com/events/id2234740ts1494120600?alt=json
URL being requested: GET https://www.googleapis.com/calendar/v3/calendars/q8cvu1a9sn3f1l33f6s3915618%40group.calendar.google.com/events/id2231380ts1494190800?alt=json
URL being requested: GET https://www.googleapis.com/calendar/v3/calendars/q8cvu1a9sn3f1l33f6s3915618%40group.calendar.google.com/events/id2231380ts1494198900?alt=json
URL being requested: GET https://www.googleapis.com/calendar/v3/calendars/q8cvu1a9sn3f1l33f6s3915618%40group.calendar.google.com/events/id2231380ts1494208800?alt=json
URL being requested: GET https://www.googleapis.com/calendar/v3/calendars/q8cvu1a9sn3f1l33f6s3915618%40group.calendar.google.com/events/id2234000ts1494468000?alt=json
URL being requested: GET https://www.googleapis.com/calendar/v3/calendars/q8cvu1a9sn3f1l33f6s3915618%40group.calendar.google.com/events/id2224410ts1494554400?alt=json
URL being requested: GET https://www.googleapis.com/calendar/v3/calendars/q8cvu1a9sn3f1l33f6s3915618%40group.calendar.google.com/events/id2234010ts1494640800?alt=json
URL being requested: GET https://www.googleapis.com/calendar/v3/calendars/q8cvu1a9sn3f1l33f6s3915618%40group.calendar.google.com/events/id2234740ts1494705600?alt=json
URL being requested: GET https://www.googleapis.com/calendar/v3/calendars/q8cvu1a9sn3f1l33f6s3915618%40group.calendar.google.com/events/id2234740ts1494721800?alt=json
URL being requested: GET https://www.googleapis.com/calendar/v3/calendars/q8cvu1a9sn3f1l33f6s3915618%40group.calendar.google.com/events/id2234740ts1494730800?alt=json
URL being requested: GET https://www.googleapis.com/calendar/v3/calendars/q8cvu1a9sn3f1l33f6s3915618%40group.calendar.google.com/events/id2231400ts1494802800?alt=json
URL being requested: GET https://www.googleapis.com/calendar/v3/calendars/q8cvu1a9sn3f1l33f6s3915618%40group.calendar.google.com/events/id2231400ts1494813600?alt=json
URL being requested: GET https://www.googleapis.com/calendar/v3/calendars/q8cvu1a9sn3f1l33f6s3915618%40group.calendar.google.com/events/id2233240ts1495159200?alt=json
URL being requested: GET https://www.googleapis.com/calendar/v3/calendars/q8cvu1a9sn3f1l33f6s3915618%40group.calendar.google.com/events/id2233240ts1495245600?alt=json
URL being requested: GET https://www.googleapis.com/calendar/v3/calendars/q8cvu1a9sn3f1l33f6s3915618%40group.calendar.google.com/events/id2234740ts1495310400?alt=json
URL being requested: GET https://www.googleapis.com/calendar/v3/calendars/q8cvu1a9sn3f1l33f6s3915618%40group.calendar.google.com/events/id2234740ts1495314000?alt=json
URL being requested: GET https://www.googleapis.com/calendar/v3/calendars/q8cvu1a9sn3f1l33f6s3915618%40group.calendar.google.com/events/id2234740ts1495332000?alt=json
URL being requested: GET https://www.googleapis.com/calendar/v3/calendars/q8cvu1a9sn3f1l33f6s3915618%40group.calendar.google.com/events/id2234740ts1495915200?alt=json
URL being requested: GET https://www.googleapis.com/calendar/v3/calendars/q8cvu1a9sn3f1l33f6s3915618%40group.calendar.google.com/events/id2234740ts1496520000?alt=json
URL being requested: GET https://www.googleapis.com/calendar/v3/calendars/q8cvu1a9sn3f1l33f6s3915618%40group.calendar.google.com/events/id2234740ts1496520000?alt=json
URL being requested: GET https://www.googleapis.com/calendar/v3/calendars/q8cvu1a9sn3f1l33f6s3915618%40group.calendar.google.com/events/id2234740ts1497124800?alt=json
Scrape complete
New events: 174 // Duplicates: 174 // Failures: 0
